cpanm (App::cpanminus) 1.5017 on perl 5.010001 built for x86_64-linux-thread-multi
Work directory is /home/yuta/.cpanm/work/1343425728.30042
You have make /usr/bin/make
You have LWP 6.02
You have /bin/tar: tar (GNU tar) 1.23
Copyright (C) 2010 Free Software Foundation, Inc.
License GPLv3+: GNU GPL version 3 or later <http://gnu.org/licenses/gpl.html>.
This is free software: you are free to change and redistribute it.
There is NO WARRANTY, to the extent permitted by law.

Written by John Gilmore and Jay Fenlason.
You have /usr/bin/unzip
Searching IPC::Shareable on cpanmetadb ...
!
! Can't write to /usr/local/share/perl5 and /usr/local/bin: Installing modules to /home/yuta/perl5
! To turn off this warning, you have to do one of the following:
!   - run me as a root or with --sudo option (to install to /usr/local/share/perl5 and /usr/local/bin)
!   - Configure local::lib your existing local::lib in this shell to set PERL_MM_OPT etc.
!   - Install local::lib by running the following commands
!
!         cpanm --local-lib=~/perl5 local::lib && eval $(perl -I ~/perl5/lib/perl5/ -Mlocal::lib)
!
Checking if you have ExtUtils::MakeMaker 6.31 ... Yes (6.62)
Checking if you have ExtUtils::Install 1.46 ... Yes (1.54)
--> Working on IPC::Shareable
Fetching http://www.cpan.org/authors/id/B/BS/BSUGARS/IPC-Shareable-0.60.tar.gz
-> OK
Unpacking IPC-Shareable-0.60.tar.gz
Entering IPC-Shareable-0.60
META.yml not found or unparsable. Fetching META.yml from search.cpan.org
Configuring IPC-Shareable-0.60
Running Makefile.PL
Checking if your kit is complete...
Looks good
Writing Makefile for IPC::Shareable
Writing MYMETA.yml and MYMETA.json
-> OK
Checking dependencies from MYMETA.json ...
Checking if you have ExtUtils::MakeMaker 0 ... Yes (6.62)
Checking if you have Storable 0.607 ... Yes (2.20)
Building and testing IPC-Shareable-0.6
cp lib/IPC/Shareable.pm blib/lib/IPC/Shareable.pm
cp lib/IPC/Shareable/SharedMem.pm blib/lib/IPC/Shareable/SharedMem.pm
Manifying blib/man3/IPC::Shareable::SharedMem.3pm
Manifying blib/man3/IPC::Shareable.3pm
PERL_DL_NONLAZY=1 /usr/bin/perl "-MExtUtils::Command::MM" "-e" "test_harness(0, 'blib/lib', 'blib/arch')" t/*.t
t/00base.t .... ok
t/05sv.t ...... ok
Can't use string ("3") as an ARRAY ref while "strict refs" in use at /home/yuta/.cpanm/work/1343425728.30042/IPC-Shareable-0.60/blib/lib/IPC/Shareable.pm line 455.
t/10av.t ...... 
Dubious, test returned 255 (wstat 65280, 0xff00)
Failed 9/11 subtests 
t/15hv.t ...... ok
t/20ref.t ..... ok
t/25ipc.t ..... ok
t/30lock.t .... ok
t/35clean.t ... ok
t/36ipcav.t ... ok
t/38ipchv.t ... ok
t/40ipcref.t .. ok
t/45obj.t ..... ok
t/50ipcobj.t .. ok
t/55lsync.t ... ok

Test Summary Report
-------------------
t/10av.t    (Wstat: 65280 Tests: 2 Failed: 0)
  Non-zero exit status: 255
  Parse errors: Bad plan.  You planned 11 tests but ran 2.
Files=14, Tests=84,  2 wallclock secs ( 0.06 usr  0.07 sys +  0.65 cusr  0.35 csys =  1.13 CPU)
Result: FAIL
Failed 1/14 test programs. 0/84 subtests failed.
make: *** [test_dynamic] Error 255
-> FAIL Installing IPC::Shareable failed. See /home/yuta/.cpanm/build.log for details.
