cpanm (App::cpanminus) 1.5017 on perl 5.010001 built for x86_64-linux-thread-multi
Work directory is /home/yuta/.cpanm/work/1343258977.26038
You have make /usr/bin/make
You have LWP 6.02
You have /bin/tar: tar (GNU tar) 1.23
Copyright (C) 2010 Free Software Foundation, Inc.
License GPLv3+: GNU GPL version 3 or later <http://gnu.org/licenses/gpl.html>.
This is free software: you are free to change and redistribute it.
There is NO WARRANTY, to the extent permitted by law.

Written by John Gilmore and Jay Fenlason.
You have /usr/bin/unzip
Searching Parallel::ForkManager on cpanmetadb ...
!
! Can't write to /usr/local/share/perl5 and /usr/local/bin: Installing modules to /home/yuta/perl5
! To turn off this warning, you have to do one of the following:
!   - run me as a root or with --sudo option (to install to /usr/local/share/perl5 and /usr/local/bin)
!   - Configure local::lib your existing local::lib in this shell to set PERL_MM_OPT etc.
!   - Install local::lib by running the following commands
!
!         cpanm --local-lib=~/perl5 local::lib && eval $(perl -I ~/perl5/lib/perl5/ -Mlocal::lib)
!
Checking if you have ExtUtils::MakeMaker 6.31 ... Yes (6.62)
Checking if you have ExtUtils::Install 1.46 ... Yes (1.54)
--> Working on Parallel::ForkManager
Fetching http://www.cpan.org/authors/id/D/DL/DLUX/Parallel-ForkManager-0.7.9.tar.gz
-> OK
Unpacking Parallel-ForkManager-0.7.9.tar.gz
Entering Parallel-ForkManager-0.7.9
Checking configure dependencies from META.yml
Checking if you have ExtUtils::MakeMaker 0 ... Yes (6.62)
Configuring Parallel-ForkManager-0.7.9
Running Makefile.PL
Checking if your kit is complete...
Looks good
Writing Makefile for Parallel::ForkManager
-> OK
Finding PREREQ from Makefile ...
Building and testing Parallel-ForkManager-0.7.9
cp lib/Parallel/ForkManager.pm blib/lib/Parallel/ForkManager.pm
Manifying blib/man3/Parallel::ForkManager.3pm
PERL_DL_NONLAZY=1 /usr/bin/perl "-Iblib/lib" "-Iblib/arch" test.pl
1..1
ok 1
Manifying blib/man3/Parallel::ForkManager.3pm
Installing /home/yuta/perl5/lib/perl5/Parallel/ForkManager.pm
Installing /home/yuta/perl5/man/man3/Parallel::ForkManager.3pm
Appending installation info to /home/yuta/perl5/lib/perl5/x86_64-linux-thread-multi/perllocal.pod
-> OK
Successfully installed Parallel-ForkManager-0.7.9
Installing ~/perl5/lib/perl5/x86_64-linux-thread-multi/.meta/Parallel-ForkManager-0.7.9/install.json
1 distribution installed
